0 info it worked if it ends with ok
1 verbose cli [ '/usr/bin/node',
1 verbose cli   '/usr/bin/npm',
1 verbose cli   'install',
1 verbose cli   '-g',
1 verbose cli   '@angular-cli@latest' ]
2 info using npm@3.10.10
3 info using node@v6.11.3
4 silly loadCurrentTree Starting
5 silly install loadCurrentTree
6 silly install readGlobalPackageData
7 silly fetchPackageMetaData @angular-cli@latest
8 silly fetchOtherPackageData @angular-cli@latest
9 silly cache add args [ '@angular-cli@latest', null ]
10 verbose cache add spec @angular-cli@latest
11 silly cache add parsed spec Result {
11 silly cache add   raw: '@angular-cli@latest',
11 silly cache add   scope: null,
11 silly cache add   escapedName: null,
11 silly cache add   name: null,
11 silly cache add   rawSpec: '@angular-cli@latest',
11 silly cache add   spec: '/opt/bitnami/apps/wordpress/htdocs/wp-content/uploads/2017/03/@angular-cli@latest',
11 silly cache add   type: 'local' }
12 error addLocal Could not install /opt/bitnami/apps/wordpress/htdocs/wp-content/uploads/2017/03/@angular-cli@latest
13 silly fetchPackageMetaData Error: ENOENT: no such file or directory, open '/opt/bitnami/apps/wordpress/htdocs/wp-content/uploads/2017/03/@angular-cli@latest'
13 silly fetchPackageMetaData     at Error (native)
13 silly fetchPackageMetaData  error for @angular-cli@latest { Error: ENOENT: no such file or directory, open '/opt/bitnami/apps/wordpress/htdocs/wp-content/uploads/2017/03/@angular-cli@latest'
13 silly fetchPackageMetaData     at Error (native)
13 silly fetchPackageMetaData   errno: -2,
13 silly fetchPackageMetaData   code: 'ENOENT',
13 silly fetchPackageMetaData   syscall: 'open',
13 silly fetchPackageMetaData   path: '/opt/bitnami/apps/wordpress/htdocs/wp-content/uploads/2017/03/@angular-cli@latest' }
14 silly rollbackFailedOptional Starting
15 silly rollbackFailedOptional Finishing
16 silly runTopLevelLifecycles Finishing
17 silly install printInstalled
18 verbose stack Error: ENOENT: no such file or directory, open '/opt/bitnami/apps/wordpress/htdocs/wp-content/uploads/2017/03/@angular-cli@latest'
18 verbose stack     at Error (native)
19 verbose cwd /opt/bitnami/apps/wordpress/htdocs/wp-content/uploads/2017/03
20 error Linux 3.13.0-125-generic
21 error argv "/usr/bin/node" "/usr/bin/npm" "install" "-g" "@angular-cli@latest"
22 error node v6.11.3
23 error npm  v3.10.10
24 error path /opt/bitnami/apps/wordpress/htdocs/wp-content/uploads/2017/03/@angular-cli@latest
25 error code ENOENT
26 error errno -2
27 error syscall open
28 error enoent ENOENT: no such file or directory, open '/opt/bitnami/apps/wordpress/htdocs/wp-content/uploads/2017/03/@angular-cli@latest'
29 error enoent ENOENT: no such file or directory, open '/opt/bitnami/apps/wordpress/htdocs/wp-content/uploads/2017/03/@angular-cli@latest'
29 error enoent This is most likely not a problem with npm itself
29 error enoent and is related to npm not being able to find a file.
30 verbose exit [ -2, true ]
